TN:
SF:src/app/app.config.ts
FNF:0
FNH:0
DA:1,1
DA:2,1
DA:3,1
DA:5,1
DA:6,1
DA:8,1
LF:6
LH:6
BRF:0
BRH:0
end_of_record
TN:
SF:src/app/app.html
FNF:0
FNH:0
DA:1,1
LF:1
LH:1
BRF:0
BRH:0
end_of_record
TN:
SF:src/app/app.routes.ts
FNF:0
FNH:0
DA:2,2
DA:3,2
DA:4,2
DA:5,2
DA:6,2
DA:7,2
DA:8,2
DA:9,2
DA:10,2
DA:11,2
DA:13,2
LF:11
LH:11
BRF:0
BRH:0
end_of_record
TN:
SF:src/app/app.ts
FNF:0
FNH:0
DA:1,1
DA:2,1
DA:10,1
LF:3
LH:3
BRF:0
BRH:0
end_of_record
TN:
SF:src/app/core/auth/guards/auth.guard.ts
FN:12,(anonymous_0)
FNF:1
FNH:1
FNDA:2,(anonymous_0)
DA:1,3
DA:2,3
DA:3,3
DA:8,3
DA:9,3
DA:10,3
DA:13,2
DA:14,1
DA:18,1
LF:9
LH:9
BRDA:13,0,0,1
BRDA:13,0,1,1
BRF:2
BRH:2
end_of_record
TN:
SF:src/app/core/auth/guards/pending-changes.guard.ts
FN:14,(anonymous_0)
FNF:1
FNH:1
FNDA:2,(anonymous_0)
DA:1,3
DA:4,3
DA:11,3
DA:12,3
DA:18,2
DA:21,2
LF:6
LH:6
BRF:0
BRH:0
end_of_record
TN:
SF:src/app/core/auth/interceptors/auth.interceptor.ts
FN:11,(anonymous_0)
FNF:1
FNH:1
FNDA:6,(anonymous_0)
DA:2,2
DA:3,2
DA:8,2
DA:9,6
DA:12,6
DA:14,6
DA:15,1
DA:20,6
LF:8
LH:8
BRDA:14,0,0,1
BRDA:14,0,1,5
BRF:2
BRH:2
end_of_record
TN:
SF:src/app/core/auth/services/auth.service.ts
FN:39,(anonymous_0)
FN:43,(anonymous_1)
FN:53,(anonymous_2)
FN:59,(anonymous_3)
FN:63,(anonymous_4)
FN:80,(anonymous_5)
FN:86,(anonymous_6)
FN:90,(anonymous_7)
FN:97,(anonymous_8)
FN:105,(anonymous_9)
FN:113,(anonymous_10)
FN:122,(anonymous_11)
FN:132,(anonymous_12)
FNF:13
FNH:13
FNDA:3,(anonymous_0)
FNDA:27,(anonymous_1)
FNDA:6,(anonymous_2)
FNDA:9,(anonymous_3)
FNDA:23,(anonymous_4)
FNDA:17,(anonymous_5)
FNDA:2,(anonymous_6)
FNDA:14,(anonymous_7)
FNDA:7,(anonymous_8)
FNDA:60,(anonymous_9)
FNDA:63,(anonymous_10)
FNDA:35,(anonymous_11)
FNDA:23,(anonymous_12)
DA:1,8
DA:2,8
DA:3,8
DA:4,8
DA:31,8
DA:32,60
DA:33,60
DA:34,60
DA:36,60
DA:37,60
DA:40,3
DA:45,27
DA:46,12
DA:47,12
DA:48,12
DA:52,15
DA:54,6
DA:55,6
DA:56,6
DA:57,6
DA:59,9
DA:68,23
DA:69,3
DA:73,20
DA:74,1
DA:77,19
DA:79,19
DA:81,17
DA:82,17
DA:83,17
DA:84,17
DA:86,2
DA:91,14
DA:92,14
DA:93,14
DA:94,14
DA:98,7
DA:99,7
DA:101,0
DA:106,60
DA:107,60
DA:109,0
DA:114,63
DA:115,63
DA:116,63
DA:118,0
DA:123,35
DA:124,35
DA:128,35
DA:129,35
DA:133,23
DA:134,23
LF:52
LH:49
BRDA:45,0,0,12
BRDA:45,0,1,15
BRDA:45,1,0,27
BRDA:45,1,1,13
BRDA:66,2,0,23
BRDA:68,3,0,3
BRDA:68,3,1,20
BRDA:68,4,0,23
BRDA:68,4,1,22
BRDA:73,5,0,1
BRDA:73,5,1,19
BRDA:116,6,0,4
BRDA:116,6,1,59
BRF:13
BRH:13
end_of_record
TN:
SF:src/app/core/models/dialogMode.ts
FNF:0
FNH:0
DA:2,4
LF:1
LH:1
BRF:0
BRH:0
end_of_record
TN:
SF:src/app/core/models/theme.ts
FN:25,(anonymous_0)
FNF:1
FNH:1
FNDA:18,(anonymous_0)
DA:1,7
DA:3,7
DA:19,7
DA:22,7
DA:26,18
DA:27,18
DA:29,18
LF:7
LH:7
BRF:0
BRH:0
end_of_record
TN:
SF:src/app/core/services/pending-changes.service.ts
FN:8,(anonymous_0)
FN:16,(anonymous_1)
FN:20,(anonymous_2)
FN:24,(anonymous_3)
FN:33,(anonymous_4)
FN:38,(anonymous_5)
FN:44,(anonymous_6)
FNF:7
FNH:7
FNDA:1,(anonymous_0)
FNDA:6,(anonymous_1)
FNDA:1,(anonymous_2)
FNDA:9,(anonymous_3)
FNDA:1,(anonymous_4)
FNDA:7,(anonymous_5)
FNDA:8,(anonymous_6)
DA:1,6
DA:5,6
DA:6,13
DA:7,13
DA:8,13
DA:10,1
DA:12,1
DA:13,1
DA:17,6
DA:21,1
DA:25,9
DA:27,9
DA:28,9
DA:29,8
DA:34,1
DA:35,1
DA:39,7
DA:46,8
DA:47,4
DA:48,4
DA:49,4
DA:50,4
DA:54,4
DA:55,4
DA:58,4
DA:59,4
DA:60,3
DA:61,3
DA:62,3
DA:63,3
DA:64,3
DA:68,3
DA:70,4
LF:33
LH:33
BRDA:28,0,0,8
BRDA:28,0,1,1
BRDA:46,1,0,4
BRDA:46,1,1,4
BRDA:59,2,0,3
BRDA:59,2,1,1
BRF:6
BRH:6
end_of_record
TN:
SF:src/app/core/services/theme.service.ts
FN:11,(anonymous_0)
FN:17,(anonymous_1)
FN:23,(anonymous_2)
FN:37,(anonymous_3)
FN:43,(anonymous_4)
FNF:5
FNH:5
FNDA:6,(anonymous_0)
FNDA:4,(anonymous_1)
FNDA:7,(anonymous_2)
FNDA:16,(anonymous_3)
FNDA:10,(anonymous_4)
DA:1,7
DA:2,7
DA:7,7
DA:8,18
DA:9,18
DA:12,6
DA:13,6
DA:14,6
DA:18,4
DA:19,4
DA:20,4
DA:24,7
DA:25,7
DA:26,5
DA:27,5
DA:30,2
DA:31,2
DA:32,1
DA:38,16
DA:39,16
DA:40,16
DA:44,10
LF:22
LH:22
BRDA:25,0,0,5
BRDA:25,0,1,2
BRF:2
BRH:2
end_of_record
TN:
SF:src/app/core/services/title.service.ts
FN:7,(anonymous_0)
FNF:1
FNH:1
FNDA:9,(anonymous_0)
DA:1,6
DA:6,6
DA:7,9
LF:3
LH:3
BRF:0
BRH:0
end_of_record
TN:
SF:src/app/features/cart/cart.service.ts
FN:16,(anonymous_0)
FN:16,(anonymous_1)
FN:17,(anonymous_2)
FN:19,(anonymous_3)
FN:20,(anonymous_4)
FN:23,(anonymous_5)
FN:25,(anonymous_6)
FN:28,(anonymous_7)
FN:29,(anonymous_8)
FN:34,(anonymous_9)
FN:38,(anonymous_10)
FN:39,(anonymous_11)
FN:39,(anonymous_12)
FN:42,(anonymous_13)
FN:48,(anonymous_14)
FN:49,(anonymous_15)
FN:53,(anonymous_16)
FN:54,(anonymous_17)
FN:55,(anonymous_18)
FN:61,(anonymous_19)
FN:62,(anonymous_20)
FN:62,(anonymous_21)
FN:65,(anonymous_22)
FN:69,(anonymous_23)
FN:71,(anonymous_24)
FN:72,(anonymous_25)
FN:75,(anonymous_26)
FN:76,(anonymous_27)
FN:79,(anonymous_28)
FN:83,(anonymous_29)
FN:86,(anonymous_30)
FNF:31
FNH:31
FNDA:2,(anonymous_0)
FNDA:2,(anonymous_1)
FNDA:3,(anonymous_2)
FNDA:4,(anonymous_3)
FNDA:3,(anonymous_4)
FNDA:39,(anonymous_5)
FNDA:14,(anonymous_6)
FNDA:1,(anonymous_7)
FNDA:1,(anonymous_8)
FNDA:38,(anonymous_9)
FNDA:4,(anonymous_10)
FNDA:4,(anonymous_11)
FNDA:5,(anonymous_12)
FNDA:3,(anonymous_13)
FNDA:1,(anonymous_14)
FNDA:1,(anonymous_15)
FNDA:9,(anonymous_16)
FNDA:9,(anonymous_17)
FNDA:16,(anonymous_18)
FNDA:4,(anonymous_19)
FNDA:4,(anonymous_20)
FNDA:6,(anonymous_21)
FNDA:30,(anonymous_22)
FNDA:3,(anonymous_23)
FNDA:4,(anonymous_24)
FNDA:3,(anonymous_25)
FNDA:8,(anonymous_26)
FNDA:12,(anonymous_27)
FNDA:1,(anonymous_28)
FNDA:5,(anonymous_29)
FNDA:5,(anonymous_30)
DA:1,5
DA:5,5
DA:10,5
DA:11,29
DA:13,29
DA:15,29
DA:16,29
DA:17,29
DA:18,3
DA:19,4
DA:20,3
DA:24,39
DA:25,39
DA:27,39
DA:28,1
DA:29,1
DA:30,1
DA:34,38
DA:39,5
DA:43,3
DA:44,2
DA:45,2
DA:48,1
DA:49,1
DA:54,9
DA:55,9
DA:56,16
DA:62,6
DA:66,30
DA:70,3
DA:71,4
DA:72,3
DA:76,12
DA:80,1
DA:84,5
DA:85,5
DA:86,5
DA:95,5
LF:38
LH:38
BRDA:23,0,0,22
BRDA:27,1,0,1
BRDA:27,1,1,38
BRDA:30,2,0,1
BRDA:30,2,1,0
BRDA:43,3,0,2
BRDA:43,3,1,1
BRDA:49,4,0,1
BRDA:49,4,1,0
BRDA:56,5,0,9
BRDA:56,5,1,7
BRF:11
BRH:9
end_of_record
TN:
SF:src/app/features/cart/components/cart-page/cart-page.html
FNF:0
FNH:0
DA:1,3
LF:1
LH:1
BRF:0
BRH:0
end_of_record
TN:
SF:src/app/features/cart/components/cart-page/cart-page.ts
FN:47,(anonymous_0)
FN:48,(anonymous_1)
FN:50,(anonymous_2)
FN:54,(anonymous_3)
FN:58,(anonymous_4)
FN:62,(anonymous_5)
FN:66,(anonymous_6)
FN:70,(anonymous_7)
FN:76,(anonymous_8)
FN:85,(anonymous_9)
FN:90,(anonymous_10)
FN:102,(anonymous_11)
FN:110,(anonymous_12)
FNF:13
FNH:12
FNDA:24,(anonymous_0)
FNDA:28,(anonymous_1)
FNDA:3,(anonymous_2)
FNDA:10,(anonymous_3)
FNDA:6,(anonymous_4)
FNDA:11,(anonymous_5)
FNDA:1,(anonymous_6)
FNDA:2,(anonymous_7)
FNDA:3,(anonymous_8)
FNDA:4,(anonymous_9)
FNDA:4,(anonymous_10)
FNDA:2,(anonymous_11)
FNDA:0,(anonymous_12)
DA:1,3
DA:2,3
DA:4,3
DA:5,3
DA:6,3
DA:7,3
DA:8,3
DA:9,3
DA:10,3
DA:11,3
DA:12,3
DA:13,3
DA:14,3
DA:35,3
DA:36,24
DA:37,24
DA:38,24
DA:40,24
DA:41,24
DA:43,24
DA:45,24
DA:48,24
DA:49,28
DA:50,28
DA:55,10
DA:59,6
DA:63,11
DA:67,1
DA:71,2
DA:72,2
DA:73,2
DA:77,3
DA:78,2
DA:79,2
DA:82,1
DA:86,4
DA:87,4
DA:91,4
DA:92,4
DA:93,2
DA:96,2
DA:99,2
DA:101,2
DA:103,2
DA:104,2
DA:105,2
DA:108,2
DA:111,0
DA:112,0
LF:49
LH:47
BRDA:50,0,0,28
BRDA:50,0,1,3
BRDA:77,1,0,2
BRDA:77,1,1,1
BRDA:92,2,0,2
BRDA:92,2,1,2
BRF:6
BRH:6
end_of_record
TN:
SF:src/app/features/orders/order.service.ts
FN:33,(anonymous_0)
FNF:1
FNH:1
FNDA:9,(anonymous_0)
DA:1,6
DA:2,6
DA:29,6
DA:30,34
DA:31,34
DA:34,9
LF:6
LH:6
BRF:0
BRH:0
end_of_record
TN:
SF:src/app/features/products/product.service.ts
FN:13,(anonymous_0)
FNF:1
FNH:1
FNDA:3,(anonymous_0)
DA:1,4
DA:2,4
DA:9,4
DA:10,4
DA:11,4
DA:14,3
LF:6
LH:6
BRF:0
BRH:0
end_of_record
TN:
SF:src/app/features/products/components/products-page/products-page.html
FNF:0
FNH:0
DA:1,3
LF:1
LH:1
BRF:0
BRH:0
end_of_record
TN:
SF:src/app/features/products/components/products-page/products-page.ts
FN:28,(anonymous_0)
FN:32,(anonymous_1)
FN:37,(anonymous_2)
FN:41,(anonymous_3)
FN:48,(anonymous_4)
FN:52,(anonymous_5)
FNF:6
FNH:6
FNDA:17,(anonymous_0)
FNDA:23,(anonymous_1)
FNDA:21,(anonymous_2)
FNDA:2,(anonymous_3)
FNDA:3,(anonymous_4)
FNDA:4,(anonymous_5)
DA:1,3
DA:2,3
DA:4,3
DA:5,3
DA:6,3
DA:7,3
DA:8,3
DA:9,3
DA:19,3
DA:20,19
DA:21,19
DA:22,19
DA:24,19
DA:25,19
DA:26,19
DA:29,17
DA:33,23
DA:34,23
DA:36,23
DA:38,21
DA:39,21
DA:42,2
DA:43,2
DA:49,3
DA:53,4
DA:54,4
LF:26
LH:26
BRF:0
BRH:0
end_of_record
TN:
SF:src/app/features/users/user.service.ts
FN:22,(anonymous_0)
FN:34,(anonymous_1)
FN:35,(anonymous_2)
FN:42,(anonymous_3)
FN:49,(anonymous_4)
FN:53,(anonymous_5)
FN:57,(anonymous_6)
FN:61,(anonymous_7)
FN:69,(anonymous_8)
FN:73,(anonymous_9)
FN:75,(anonymous_10)
FN:82,(anonymous_11)
FN:90,(anonymous_12)
FN:94,(anonymous_13)
FN:96,(anonymous_14)
FN:98,(anonymous_15)
FNF:16
FNH:16
FNDA:5,(anonymous_0)
FNDA:3,(anonymous_1)
FNDA:3,(anonymous_2)
FNDA:1,(anonymous_3)
FNDA:4,(anonymous_4)
FNDA:2,(anonymous_5)
FNDA:1,(anonymous_6)
FNDA:1,(anonymous_7)
FNDA:2,(anonymous_8)
FNDA:1,(anonymous_9)
FNDA:1,(anonymous_10)
FNDA:1,(anonymous_11)
FNDA:2,(anonymous_12)
FNDA:1,(anonymous_13)
FNDA:3,(anonymous_14)
FNDA:1,(anonymous_15)
DA:1,4
DA:3,4
DA:4,4
DA:5,4
DA:15,4
DA:16,14
DA:17,14
DA:18,14
DA:19,14
DA:20,14
DA:24,5
DA:25,1
DA:28,4
DA:29,4
DA:31,4
DA:35,3
DA:36,3
DA:37,1
DA:40,3
DA:43,1
DA:44,1
DA:45,1
DA:49,4
DA:54,2
DA:58,1
DA:59,1
DA:62,1
DA:63,1
DA:70,2
DA:74,1
DA:75,1
DA:76,1
DA:77,1
DA:78,1
DA:79,1
DA:83,1
DA:84,1
DA:91,2
DA:95,1
DA:96,3
DA:99,1
DA:100,1
LF:42
LH:42
BRDA:24,0,0,1
BRDA:24,0,1,4
BRDA:36,1,0,1
BRDA:36,1,1,2
BRDA:76,2,0,1
BRDA:76,2,1,0
BRF:6
BRH:5
end_of_record
TN:
SF:src/app/features/users/components/user-dialog/user-dialog.html
FNF:0
FNH:0
DA:1,4
LF:1
LH:1
BRF:0
BRH:0
end_of_record
TN:
SF:src/app/features/users/components/user-dialog/user-dialog.ts
FN:60,(anonymous_0)
FN:71,(anonymous_1)
FN:85,(anonymous_2)
FN:89,(anonymous_3)
FN:105,(anonymous_4)
FN:109,(anonymous_5)
FN:110,(anonymous_6)
FN:115,(anonymous_7)
FNF:8
FNH:8
FNDA:45,(anonymous_0)
FNDA:29,(anonymous_1)
FNDA:47,(anonymous_2)
FNDA:6,(anonymous_3)
FNDA:2,(anonymous_4)
FNDA:46,(anonymous_5)
FNDA:184,(anonymous_6)
FNDA:6,(anonymous_7)
DA:1,4
DA:2,4
DA:3,4
DA:4,4
DA:5,4
DA:6,4
DA:7,4
DA:8,4
DA:10,4
DA:26,4
DA:27,45
DA:28,45
DA:29,45
DA:31,45
DA:32,45
DA:34,45
DA:39,45
DA:44,45
DA:49,45
DA:53,45
DA:61,45
DA:62,9
DA:63,9
DA:64,9
DA:65,9
DA:66,9
DA:69,45
DA:71,45
DA:73,29
DA:74,29
DA:75,29
DA:79,45
DA:80,45
DA:81,45
DA:82,45
DA:86,47
DA:90,6
DA:91,2
DA:94,4
DA:95,4
DA:106,2
DA:110,184
DA:111,46
DA:116,6
LF:44
LH:44
BRDA:34,0,0,45
BRDA:34,0,1,31
BRDA:39,1,0,45
BRDA:39,1,1,31
BRDA:44,2,0,45
BRDA:44,2,1,31
BRDA:49,3,0,45
BRDA:49,3,1,31
BRDA:54,4,0,45
BRDA:54,4,1,31
BRDA:61,5,0,9
BRDA:61,5,1,36
BRDA:73,6,0,29
BRDA:73,6,1,28
BRDA:73,6,2,28
BRDA:73,6,3,28
BRDA:86,7,0,47
BRDA:86,7,1,13
BRDA:86,7,2,12
BRDA:90,8,0,2
BRDA:90,8,1,4
BRDA:96,9,0,4
BRDA:96,9,1,2
BRDA:116,10,0,6
BRDA:116,10,1,5
BRDA:116,10,2,4
BRDA:116,10,3,3
BRF:27
BRH:27
end_of_record
TN:
SF:src/app/features/users/components/users-table/users-table.html
FNF:0
FNH:0
DA:1,3
LF:1
LH:1
BRF:0
BRH:0
end_of_record
TN:
SF:src/app/features/users/components/users-table/users-table.ts
FN:65,(anonymous_0)
FN:72,(anonymous_1)
FN:77,(anonymous_2)
FN:81,(anonymous_3)
FN:90,(anonymous_4)
FN:93,(anonymous_5)
FN:103,(anonymous_6)
FN:108,(anonymous_7)
FN:111,(anonymous_8)
FN:120,(anonymous_9)
FN:122,(anonymous_10)
FN:127,(anonymous_11)
FN:134,(anonymous_12)
FN:135,(anonymous_13)
FN:139,(anonymous_14)
FN:143,(anonymous_15)
FN:152,(anonymous_16)
FN:160,(anonymous_17)
FN:169,(anonymous_18)
FN:177,(anonymous_19)
FN:186,(anonymous_20)
FN:195,(anonymous_21)
FN:228,(anonymous_22)
FN:232,(anonymous_23)
FN:236,(anonymous_24)
FN:241,(anonymous_25)
FN:253,(anonymous_26)
FN:256,(anonymous_27)
FNF:28
FNH:20
FNDA:57,(anonymous_0)
FNDA:59,(anonymous_1)
FNDA:59,(anonymous_2)
FNDA:59,(anonymous_3)
FNDA:0,(anonymous_4)
FNDA:0,(anonymous_5)
FNDA:0,(anonymous_6)
FNDA:0,(anonymous_7)
FNDA:0,(anonymous_8)
FNDA:0,(anonymous_9)
FNDA:55,(anonymous_10)
FNDA:55,(anonymous_11)
FNDA:0,(anonymous_12)
FNDA:0,(anonymous_13)
FNDA:56,(anonymous_14)
FNDA:3,(anonymous_15)
FNDA:3,(anonymous_16)
FNDA:4,(anonymous_17)
FNDA:4,(anonymous_18)
FNDA:4,(anonymous_19)
FNDA:4,(anonymous_20)
FNDA:13,(anonymous_21)
FNDA:2,(anonymous_22)
FNDA:2,(anonymous_23)
FNDA:4,(anonymous_24)
FNDA:5,(anonymous_25)
FNDA:5,(anonymous_26)
FNDA:4,(anonymous_27)
DA:1,3
DA:11,3
DA:12,3
DA:14,3
DA:15,3
DA:16,3
DA:17,3
DA:21,3
DA:22,3
DA:23,3
DA:24,3
DA:25,3
DA:26,3
DA:27,3
DA:28,3
DA:37,3
DA:38,55
DA:39,55
DA:40,55
DA:41,55
DA:42,55
DA:43,55
DA:44,55
DA:46,55
DA:55,55
DA:56,55
DA:57,55
DA:58,55
DA:59,55
DA:61,55
DA:62,55
DA:63,55
DA:65,55
DA:66,57
DA:67,57
DA:68,2
DA:72,55
DA:73,59
DA:74,59
DA:77,55
DA:78,59
DA:79,59
DA:81,59
DA:83,59
DA:85,59
DA:87,4
DA:88,0
DA:89,0
DA:90,0
DA:91,0
DA:92,0
DA:93,0
DA:94,0
DA:95,0
DA:98,0
DA:101,4
DA:103,0
DA:104,0
DA:106,0
DA:107,0
DA:108,0
DA:109,0
DA:110,0
DA:111,0
DA:112,0
DA:113,0
DA:118,55
DA:120,0
DA:122,55
DA:128,55
DA:129,55
DA:130,0
DA:133,55
DA:134,55
DA:135,55
DA:136,55
DA:140,56
DA:144,3
DA:150,3
DA:151,3
DA:152,3
DA:153,3
DA:154,3
DA:155,3
DA:157,3
DA:161,4
DA:167,4
DA:168,4
DA:169,4
DA:170,4
DA:171,4
DA:172,4
DA:174,4
DA:178,4
DA:184,4
DA:185,4
DA:186,4
DA:187,4
DA:188,4
DA:189,4
DA:191,4
DA:196,13
DA:197,12
DA:204,12
DA:205,11
DA:206,11
DA:207,4
DA:209,7
DA:216,11
DA:217,8
DA:218,8
DA:219,3
DA:220,3
DA:225,8
DA:229,2
DA:233,2
DA:237,4
DA:238,2
DA:242,5
DA:249,5
DA:253,5
DA:254,5
DA:256,4
DA:258,4
DA:259,4
LF:125
LH:104
BRDA:67,0,0,2
BRDA:67,0,1,55
BRDA:81,1,0,0
BRDA:81,1,1,59
BRDA:85,2,0,55
BRDA:85,2,1,4
BRDA:87,3,0,0
BRDA:87,3,1,4
BRDA:95,4,0,0
BRDA:95,4,1,0
BRDA:101,5,0,4
BRDA:101,5,1,0
BRDA:104,6,0,0
BRDA:104,6,1,0
BRDA:107,7,0,0
BRDA:107,7,1,0
BRDA:113,8,0,0
BRDA:113,8,1,0
BRDA:113,9,0,0
BRDA:113,9,1,0
BRDA:196,10,0,1
BRDA:196,10,1,12
BRDA:204,11,0,1
BRDA:204,11,1,11
BRDA:206,12,0,4
BRDA:206,12,1,7
BRDA:210,13,0,7
BRDA:210,13,1,5
BRDA:210,13,2,5
BRDA:210,13,3,4
BRDA:216,14,0,3
BRDA:216,14,1,8
BRDA:218,15,0,3
BRDA:218,15,1,5
BRDA:237,16,0,2
BRDA:237,16,1,2
BRDA:254,17,0,1
BRDA:254,17,1,4
BRF:38
BRH:25
end_of_record
TN:
SF:src/app/features/users/components/users-table/user-cell/user-cell.html
FNF:0
FNH:0
DA:1,4
LF:1
LH:1
BRF:0
BRH:0
end_of_record
TN:
SF:src/app/features/users/components/users-table/user-cell/user-cell.ts
FNF:0
FNH:0
DA:1,4
DA:2,4
DA:12,4
DA:13,35
LF:4
LH:4
BRF:0
BRH:0
end_of_record
TN:
SF:src/app/shared/components/base-table/base-table.html
FNF:0
FNH:0
DA:1,4
LF:1
LH:1
BRF:0
BRH:0
end_of_record
TN:
SF:src/app/shared/components/base-table/base-table.ts
FN:90,(anonymous_0)
FN:90,(anonymous_1)
FN:92,(anonymous_2)
FN:98,(anonymous_3)
FN:102,(anonymous_4)
FN:106,(anonymous_5)
FN:111,(anonymous_6)
FN:117,(anonymous_7)
FN:122,(anonymous_8)
FNF:9
FNH:9
FNDA:85,(anonymous_0)
FNDA:387,(anonymous_1)
FNDA:111,(anonymous_2)
FNDA:4,(anonymous_3)
FNDA:4,(anonymous_4)
FNDA:83,(anonymous_5)
FNDA:7,(anonymous_6)
FNDA:3,(anonymous_7)
FNDA:3,(anonymous_8)
DA:1,4
DA:11,4
DA:12,4
DA:13,4
DA:14,4
DA:15,4
DA:16,4
DA:17,4
DA:18,4
DA:19,4
DA:20,4
DA:21,4
DA:60,4
DA:62,83
DA:63,83
DA:64,83
DA:65,83
DA:66,83
DA:67,83
DA:68,83
DA:69,83
DA:70,83
DA:71,83
DA:72,83
DA:73,83
DA:74,83
DA:75,83
DA:76,83
DA:79,83
DA:80,83
DA:81,83
DA:82,83
DA:83,83
DA:90,387
DA:93,111
DA:94,111
DA:95,111
DA:99,4
DA:100,2
DA:102,4
DA:107,83
DA:108,83
DA:112,7
DA:113,7
DA:114,7
DA:118,3
DA:119,1
DA:123,3
DA:124,2
LF:49
LH:49
BRDA:99,0,0,2
BRDA:99,0,1,2
BRDA:112,1,0,7
BRDA:112,1,1,2
BRDA:118,2,0,2
BRDA:118,2,1,1
BRDA:123,3,0,1
BRDA:123,3,1,2
BRF:8
BRH:8
end_of_record
TN:
SF:src/app/shared/components/cart-icon/cart-icon.html
FNF:0
FNH:0
DA:1,5
LF:1
LH:1
BRF:0
BRH:0
end_of_record
TN:
SF:src/app/shared/components/cart-icon/cart-icon.ts
FN:18,(anonymous_0)
FN:20,(anonymous_1)
FN:25,(anonymous_2)
FN:29,(anonymous_3)
FN:35,(anonymous_4)
FNF:5
FNH:5
FNDA:4,(anonymous_0)
FNDA:40,(anonymous_1)
FNDA:38,(anonymous_2)
FNDA:48,(anonymous_3)
FNDA:11,(anonymous_4)
DA:1,5
DA:2,5
DA:3,5
DA:4,5
DA:5,5
DA:15,5
DA:16,40
DA:18,40
DA:21,40
DA:22,40
DA:26,38
DA:30,48
DA:31,48
DA:32,48
DA:33,8
DA:34,7
DA:35,11
DA:39,40
DA:42,1
LF:19
LH:19
BRDA:32,0,0,8
BRDA:32,0,1,40
BRF:2
BRH:2
end_of_record
TN:
SF:src/app/shared/components/confirmation-dialog/confirmation-dialog.html
FNF:0
FNH:0
DA:1,4
LF:1
LH:1
BRF:0
BRH:0
end_of_record
TN:
SF:src/app/shared/components/confirmation-dialog/confirmation-dialog.ts
FN:24,(anonymous_0)
FN:28,(anonymous_1)
FNF:2
FNH:2
FNDA:1,(anonymous_0)
FNDA:1,(anonymous_1)
DA:1,4
DA:2,4
DA:3,4
DA:20,4
DA:21,4
DA:22,4
DA:25,1
DA:29,1
LF:8
LH:8
BRF:0
BRH:0
end_of_record
TN:
SF:src/app/shared/components/theme-selector/theme-selector.html
FNF:0
FNH:0
DA:1,6
LF:1
LH:1
BRF:0
BRH:0
end_of_record
TN:
SF:src/app/shared/components/theme-selector/theme-selector.ts
FN:30,(anonymous_0)
FNF:1
FNH:1
FNDA:33,(anonymous_0)
DA:1,6
DA:2,6
DA:3,6
DA:4,6
DA:5,6
DA:6,6
DA:7,6
DA:8,6
DA:9,6
DA:25,6
DA:26,33
DA:27,33
DA:28,33
DA:31,33
LF:14
LH:14
BRF:0
BRH:0
end_of_record
TN:
SF:src/app/shared/layouts/admin-layout/admin-layout.html
FNF:0
FNH:0
DA:1,3
LF:1
LH:1
BRF:0
BRH:0
end_of_record
TN:
SF:src/app/shared/layouts/admin-layout/admin-layout.ts
FNF:0
FNH:0
DA:1,3
DA:2,3
DA:3,3
DA:4,3
DA:5,3
DA:6,3
DA:7,3
DA:15,3
DA:16,2
DA:17,2
LF:10
LH:10
BRF:0
BRH:0
end_of_record
TN:
SF:src/app/shared/layouts/ecommerce-layout/ecommerce-layout.html
FNF:0
FNH:0
DA:1,3
LF:1
LH:1
BRF:0
BRH:0
end_of_record
TN:
SF:src/app/shared/layouts/ecommerce-layout/ecommerce-layout.ts
FNF:0
FNH:0
DA:1,3
DA:2,3
DA:3,3
DA:4,3
DA:5,3
DA:6,3
DA:7,3
DA:8,3
DA:16,3
DA:17,2
DA:18,2
LF:11
LH:11
BRF:0
BRH:0
end_of_record
TN:
SF:src/app/shared/pages/contact-page/contact-page.html
FNF:0
FNH:0
DA:1,3
LF:1
LH:1
BRF:0
BRH:0
end_of_record
TN:
SF:src/app/shared/pages/contact-page/contact-page.ts
FN:30,(anonymous_0)
FN:36,(anonymous_1)
FN:39,(anonymous_2)
FN:42,(anonymous_3)
FN:45,(anonymous_4)
FNF:5
FNH:5
FNDA:1,(anonymous_0)
FNDA:33,(anonymous_1)
FNDA:33,(anonymous_2)
FNDA:33,(anonymous_3)
FNDA:33,(anonymous_4)
DA:1,3
DA:2,3
DA:3,3
DA:4,3
DA:5,3
DA:6,3
DA:22,3
DA:23,8
DA:32,1
DA:33,1
DA:37,33
DA:40,33
DA:43,33
DA:46,33
LF:14
LH:14
BRF:0
BRH:0
end_of_record
TN:
SF:src/app/shared/pages/login-page/login-page.html
FNF:0
FNH:0
DA:1,3
LF:1
LH:1
BRF:0
BRH:0
end_of_record
TN:
SF:src/app/shared/pages/login-page/login-page.ts
FN:54,(anonymous_0)
FN:66,(anonymous_1)
FN:81,(anonymous_2)
FN:97,(anonymous_3)
FN:112,(anonymous_4)
FN:117,(anonymous_5)
FN:127,(anonymous_6)
FN:135,(anonymous_7)
FN:143,(anonymous_8)
FNF:9
FNH:9
FNDA:27,(anonymous_0)
FNDA:8,(anonymous_1)
FNDA:5,(anonymous_2)
FNDA:4,(anonymous_3)
FNDA:3,(anonymous_4)
FNDA:1,(anonymous_5)
FNDA:1,(anonymous_6)
FNDA:1,(anonymous_7)
FNDA:2,(anonymous_8)
DA:1,3
DA:2,3
DA:3,3
DA:4,3
DA:5,3
DA:6,3
DA:7,3
DA:8,3
DA:9,3
DA:10,3
DA:11,3
DA:12,3
DA:13,3
DA:14,3
DA:38,3
DA:39,24
DA:40,24
DA:41,24
DA:46,24
DA:47,24
DA:48,24
DA:50,24
DA:51,24
DA:52,24
DA:56,27
DA:57,27
DA:58,2
DA:59,1
DA:61,1
DA:67,8
DA:68,8
DA:69,8
DA:72,8
DA:73,3
DA:74,3
DA:75,3
DA:76,3
DA:79,5
DA:82,5
DA:83,5
DA:84,3
DA:85,3
DA:86,2
DA:88,1
DA:91,2
DA:92,2
DA:98,4
DA:99,4
DA:100,4
DA:103,4
DA:104,1
DA:105,1
DA:106,1
DA:107,1
DA:110,3
DA:113,3
DA:114,3
DA:115,1
DA:116,1
DA:117,1
DA:118,1
DA:121,2
DA:122,2
DA:128,1
DA:129,1
DA:130,1
DA:131,1
DA:132,1
DA:136,1
DA:137,1
DA:138,1
DA:139,1
DA:140,1
DA:144,2
DA:145,1
DA:147,1
DA:149,2
DA:150,2
DA:151,2
LF:79
LH:79
BRDA:57,0,0,2
BRDA:57,0,1,25
BRDA:58,1,0,1
BRDA:58,1,1,1
BRDA:72,2,0,3
BRDA:72,2,1,5
BRDA:72,3,0,8
BRDA:72,3,1,6
BRDA:83,4,0,3
BRDA:83,4,1,2
BRDA:85,5,0,2
BRDA:85,5,1,1
BRDA:103,6,0,1
BRDA:103,6,1,3
BRDA:103,7,0,4
BRDA:103,7,1,3
BRDA:114,8,0,1
BRDA:114,8,1,2
BRDA:144,9,0,1
BRDA:144,9,1,1
BRF:20
BRH:20
end_of_record
TN:
SF:src/app/shared/pages/user-page/user-page.html
FNF:0
FNH:0
DA:1,3
LF:1
LH:1
BRF:0
BRH:0
end_of_record
TN:
SF:src/app/shared/pages/user-page/user-page.ts
FNF:0
FNH:0
DA:1,3
DA:11,3
LF:2
LH:2
BRF:0
BRH:0
end_of_record
TN:
SF:src/app/shared/utils/stringUtils.ts
FN:1,(anonymous_0)
FNF:1
FNH:1
FNDA:41,(anonymous_0)
DA:1,8
DA:2,41
LF:2
LH:2
BRF:0
BRH:0
end_of_record
